        -:    0:Source:C:/Users/susci/Desktop/2nd sem/GA/untitled/main.cpp
        -:    0:Graph:C:\Users\susci\Desktop\2nd sem\GA\untitled\cmake-build-debug-coverage\CMakeFiles\untitled.dir\main.cpp.gcno
        -:    0:Data:C:\Users\susci\Desktop\2nd sem\GA\untitled\cmake-build-debug-coverage\CMakeFiles\untitled.dir\main.cpp.gcda
        -:    0:Runs:1
        -:    0:Programs:1
        -:    1:#include "Tests/tests.h"
        -:    2:#include "Service/AdminService.h"
        -:    3:#include "Service/UserService.h"
        -:    4:#include "UI/UI.h"
        -:    5:
        -:    6:
        1:    7:int main() {
        1:    8:    Tests::run_all_tests();
        1:    8-block  0
        -:    9:
        -:   10:    // std::string chrome = "'/mnt/c/Program Files/Google/Chrome/Application/chrome.exe' ";
        -:   11:   // std::string chrome = " '/mnt/c/Program Files (x86)/Microsoft/Edge/Application/msedge.exe' ";
        -:   12:
        -:   13:   // chrome+="https://www.youtube.com/watch?v=8RVKLcaIAE8&list=RD8RVKLcaIAE8&start_radio=1";
        -:   14: //    system(chrome.c_str());
        -:   15://    std::cout << "GATA!";
        -:   16:
        2:   17:    Repository all_tutorials_repository;
        1:   17-block  0
    $$$$$:   17-block  1
        2:   18:    WatchListRepository watch_list_repository;
        1:   18-block  0
    $$$$$:   18-block  1
        -:   19:
        2:   20:    AdminService admin_service = {all_tutorials_repository};
        1:   20-block  0
    $$$$$:   20-block  1
        2:   21:    UserService user_service = {watch_list_repository};
        1:   21-block  0
    $$$$$:   21-block  1
        1:   22:    UITutorial ui = {admin_service, user_service};
        1:   22-block  0
    $$$$$:   22-block  1
        1:   23:    ui.run();
        1:   23-block  0
        -:   24:
        -:   25:
        1:   26:    return 0;
        1:   26-block  0
        -:   27:}
