        -:    0:Source:C:/Users/susci/Desktop/2nd sem/GA/untitled/Domain/tutorial.cpp
        -:    0:Graph:C:\Users\susci\Desktop\2nd sem\GA\untitled\cmake-build-debug-coverage\CMakeFiles\untitled.dir\Domain\tutorial.cpp.gcno
        -:    0:Data:C:\Users\susci\Desktop\2nd sem\GA\untitled\cmake-build-debug-coverage\CMakeFiles\untitled.dir\Domain\tutorial.cpp.gcda
        -:    0:Runs:1
        -:    0:Programs:1
        -:    1://
        -:    2:// Created by susci on 3/20/2021.
        -:    3://
        -:    4:
        -:    5:
        -:    6:
        -:    7:#include "tutorial.h"
        -:    8:
        -:    9:#include <utility>
        -:   10:
        -:   11:// constructors
       44:   12:Tutorial::Tutorial(std::string title,
        -:   13:                   std::string presenter,
        -:   14:                   std::pair<int, int> duration = std::make_pair(0, 0),
        -:   15:                   int number_of_likes = 0,
       88:   16:                   std::string link = ""): title(std::move(title)),
       44:   17:                                                  presenter(std::move(presenter)),
       44:   18:                                                  duration(std::move(duration)),
        -:   19:                                                  number_of_likes(number_of_likes),
       88:   20:                                                  link(std::move(link)){
       44:   20-block  0
       44:   21:}
        -:   22:
      284:   23:Tutorial::Tutorial(const Tutorial& tutorial):title{tutorial.title},
      142:   24:                                             presenter{tutorial.presenter},
        -:   25:                                             duration{tutorial.duration},
      142:   26:                                             number_of_likes{tutorial.number_of_likes},
      142:   27:                                             link{tutorial.link}
      142:   27-block  0
      142:   27-block  1
    $$$$$:   27-block  2
    $$$$$:   27-block  3
      142:   28:{}
      142:   28-block  0
        -:   29:
        -:   30:Tutorial::Tutorial() = default;
        -:   31:
        -:   32:// ------ setters -----------------------------------------------------------------------------------------
        3:   33:void Tutorial::set_title(const std::string &tutorial_title) {
        3:   34:    this->title = tutorial_title;
        3:   34-block  0
        3:   35:}
        -:   36:
        3:   37:void Tutorial::set_presenter(const std::string &tutorial_presenter) {
        3:   38:    this->presenter = tutorial_presenter;
        3:   38-block  0
        3:   39:}
        -:   40:
        3:   41:void Tutorial::set_duration(const std::pair<int, int> &tutorial_duration) {
        3:   42:    this->duration = tutorial_duration;
        3:   42-block  0
        3:   43:}
        -:   44:
        5:   45:void Tutorial::set_likes(int tutorial_likes) {
        5:   46:    this->number_of_likes = tutorial_likes;
        5:   47:}
        -:   48:
        1:   49:void Tutorial::set_link(const std::string &tutorial_link) {
        1:   50:    this->link = tutorial_link;
        1:   50-block  0
        1:   51:}
        -:   52:
        -:   53:// ------ getters -----------------------------------------------------------------------------------------
       23:   54:const std::string &Tutorial::get_title() const {
       23:   55:    return this->title;
       23:   55-block  0
        -:   56:}
        -:   57:
       27:   58:const std::string &Tutorial::get_presenter() const {
       27:   59:    return this->presenter;
       27:   59-block  0
        -:   60:}
        -:   61:
       21:   62:const std::pair<int, int> &Tutorial::get_duration() const {
       21:   63:    return this->duration;
       21:   63-block  0
        -:   64:}
        -:   65:
       23:   66:int Tutorial::get_number_of_likes() const {
       23:   67:    return this->number_of_likes;
       23:   67-block  0
        -:   68:}
        -:   69:
      167:   70:const std::string &Tutorial::get_link() const {
      167:   71:    return this->link;
      167:   71-block  0
        -:   72:}
        -:   73:
        -:   74:// ------ == overload -----------------------------------------------------------------------------------------
        -:   75:
        5:   76:bool Tutorial::operator==(const Tutorial &tutorial) {
        5:   77:    return this->link == tutorial.get_link();
        5:   77-block  0
        -:   78:}
        -:   79:
        -:   80:Tutorial::~Tutorial() = default;
