        -:    0:Source:C:/Users/susci/Desktop/2nd sem/GA/untitled/Repository/TutorialsRepository.h
        -:    0:Graph:C:\Users\susci\Desktop\2nd sem\GA\untitled\cmake-build-debug-coverage\CMakeFiles\untitled.dir\Repository\TutorialsRepository.cpp.gcno
        -:    0:Data:C:\Users\susci\Desktop\2nd sem\GA\untitled\cmake-build-debug-coverage\CMakeFiles\untitled.dir\Repository\TutorialsRepository.cpp.gcda
        -:    0:Runs:1
        -:    0:Programs:1
        -:    1://
        -:    2:// Created by susci on 3/21/2021.
        -:    3://
        -:    4://
        -:    5:#ifndef OOP_TUTORIALSREPOSITORY_H
        -:    6:#define OOP_TUTORIALSREPOSITORY_H
        -:    7:#include <vector>
        -:    8:#include <algorithm>
        -:    9:#include <string>
        -:   10:#include "../Domain/tutorial.h"
        -:   11:#include "../DynamicVector/DynamicVector.h"
        -:   12:
       26:   13:class Repository{
------------------
_ZN10RepositoryD2Ev:
       13:   13:class Repository{
       13:   13-block  0
------------------
_ZN10RepositoryC2Ev:
       13:   13:class Repository{
       13:   13-block  0
------------------
        -:   14:private:
        -:   15:    DynamicVector<Tutorial> tutorials_list;
        -:   16:
        -:   17:public:
        -:   18:    Repository();
        -:   19:    ~Repository();
        -:   20:    int admin_add_tutorial_in_repository(const Tutorial& tutorial);
        -:   21:    int admin_remove_tutorial_in_repository(const std::string &tutorial_link);
        -:   22:    int admin_update_tutorial_in_repository(const std::string &tutorial_to_update_link,
        -:   23:                                            const std::string& new_tutorial_title,
        -:   24:                                            const std::string& new_tutorial_presenter,
        -:   25:                                            const std::pair<int, int>& new_duration,
        -:   26:                                            int new_number_of_likes);
        -:   27:    int admin_increase_likes_in_repository(const std::string &tutorial_link);
        -:   28:    int size_tutorials_list() const;
        -:   29:    Tutorial get_tutorial_by_position(int position);
        -:   30:    std::vector<Tutorial> all_tutorials_from_repository();
        -:   31:
        -:   32:};
        -:   33:
        -:   34:#endif //OOP_TUTORIALSREPOSITORY_H
