        -:    0:Source:C:/Users/susci/Desktop/2nd sem/GA/untitled/Service/UserService.h
        -:    0:Graph:C:\Users\susci\Desktop\2nd sem\GA\untitled\cmake-build-debug-coverage\CMakeFiles\untitled.dir\Service\UserService.cpp.gcno
        -:    0:Data:C:\Users\susci\Desktop\2nd sem\GA\untitled\cmake-build-debug-coverage\CMakeFiles\untitled.dir\Service\UserService.cpp.gcda
        -:    0:Runs:1
        -:    0:Programs:1
        -:    1://
        -:    2:// Created by susci on 3/31/2021.
        -:    3://
        -:    4:
        -:    5:#ifndef UNTITLED_USERSERVICE_H
        -:    6:#define UNTITLED_USERSERVICE_H
        -:    7:
        -:    8:#include "../Repository/WatchListRepository.h"
        -:    9:
        4:   10:class UserService{
        -:   11:
        -:   12:private:
        -:   13:    WatchListRepository& repository;
        -:   14:
        -:   15:public:
        -:   16:    UserService(WatchListRepository& repository);
        -:   17:    ~UserService();
        -:   18:    int add_tutorial_watch_list_user_service(const Tutorial& tutorial);
        -:   19:    int remove_tutorial_watch_list_user_service(const std::string &link);
        -:   20:    Tutorial get_tutorial_by_position_watch_list_user_service(int position);
        -:   21:    std::vector<Tutorial> all_tutorials_watch_list_service();
        -:   22:    int size_watch_list_repo() const;
        -:   23:};
        -:   24:#endif //UNTITLED_USERSERVICE_H
