        -:    0:Source:C:/Users/susci/Desktop/2nd sem/GA/untitled/Service/UserService.cpp
        -:    0:Graph:C:\Users\susci\Desktop\2nd sem\GA\untitled\cmake-build-debug-coverage\CMakeFiles\untitled.dir\Service\UserService.cpp.gcno
        -:    0:Data:C:\Users\susci\Desktop\2nd sem\GA\untitled\cmake-build-debug-coverage\CMakeFiles\untitled.dir\Service\UserService.cpp.gcda
        -:    0:Runs:1
        -:    0:Programs:1
        -:    1://
        -:    2:// Created by susci on 3/31/2021.
        -:    3://
        -:    4:
        -:    5:#include "UserService.h"
        -:    6:
        4:    7:UserService::UserService(WatchListRepository &repository): repository{repository} {
        -:    8:
        4:    9:}
        -:   10:
        -:   11:UserService::~UserService() = default;
        -:   12:
        6:   13:int UserService::add_tutorial_watch_list_user_service(const Tutorial& tutorial) {
        -:   14:
        6:   15:    return repository.user_add_tutorial_in_repository(tutorial);
        6:   15-block  0
        -:   16:}
        -:   17:
        2:   18:int UserService::remove_tutorial_watch_list_user_service(const std::string &link) {
        2:   19:    return repository.user_remove_tutorial_in_repository(link);
        2:   19-block  0
        -:   20:}
        -:   21:
        -:   22:
        1:   23:std::vector<Tutorial> UserService::all_tutorials_watch_list_service() {
        1:   24:    return repository.all_tutorials_from_repository();
        1:   24-block  0
        -:   25:}
        -:   26:
        1:   27:int UserService::size_watch_list_repo() const {
        1:   28:    return repository.size_tutorials_list();
        1:   28-block  0
        -:   29:}
        -:   30:
        1:   31:Tutorial UserService::get_tutorial_by_position_watch_list_user_service(int position) {
        1:   32:    return repository.get_tutorial_by_position(position);
        1:   32-block  0
        -:   33:}
